<?xml version="1.0" encoding="UTF-8"?>
<testng-results skipped="0" failed="0" ignored="0" total="1" passed="1">
  <reporter-output>
  </reporter-output>
  <suite name="Default suite" duration-ms="32964" started-at="2020-06-09T21:58:20 WAT" finished-at="2020-06-09T21:58:53 WAT">
    <groups>
    </groups>
    <test name="Default test" duration-ms="32964" started-at="2020-06-09T21:58:20 WAT" finished-at="2020-06-09T21:58:53 WAT">
      <class name="action.Login">
        <test-method status="PASS" signature="logintest()[pri:0, instance:action.Login@2758fe70]" name="logintest" duration-ms="30577" started-at="2020-06-09T21:58:20 WAT" finished-at="2020-06-09T21:58:51 WAT">
          <reporter-output>
          </reporter-output>
        </test-method> <!-- logintest -->
        <test-method status="PASS" signature="teardown()[pri:0, instance:action.Login@2758fe70]" name="teardown" is-config="true" duration-ms="2358" started-at="2020-06-09T21:58:51 WAT" finished-at="2020-06-09T21:58:53 WAT">
          <reporter-output>
          </reporter-output>
        </test-method> <!-- teardown -->
      </class> <!-- action.Login -->
    </test> <!-- Default test -->
  </suite> <!-- Default suite -->
</testng-results>
